\BOOKMARK [0][-]{chapter*.1}{\376\377\000H\000A\000L\000A\000M\000A\000N\000\040\000J\000U\000D\000U\000L}{}% 1
\BOOKMARK [0][-]{section*.2}{\376\377\000L\000E\000M\000B\000A\000R\000\040\000P\000E\000R\000S\000E\000T\000U\000J\000U\000A\000N\000\040\000P\000E\000M\000B\000I\000M\000B\000I\000N\000G}{}% 2
\BOOKMARK [0][-]{section*.3}{\376\377\000P\000E\000N\000G\000E\000S\000A\000H\000A\000N\000\040\000T\000I\000M\000\040\000P\000E\000N\000G\000U\000J\000I\000\040\000S\000K\000R\000I\000P\000S\000I}{}% 3
\BOOKMARK [0][-]{section*.4}{\376\377\000H\000A\000L\000A\000M\000A\000N\000\040\000P\000E\000R\000N\000Y\000A\000T\000A\000A\000N\000\040\000K\000E\000A\000S\000L\000I\000A\000N}{}% 4
\BOOKMARK [0][-]{chapter*.5}{\376\377\000M\000O\000T\000T\000O}{}% 5
\BOOKMARK [0][-]{chapter*.6}{\376\377\000H\000A\000L\000A\000M\000A\000N\000\040\000P\000E\000R\000S\000E\000M\000B\000A\000H\000A\000N}{}% 6
\BOOKMARK [0][-]{chapter*.7}{\376\377\000K\000A\000T\000A\000\040\000P\000E\000N\000G\000A\000N\000T\000A\000R}{}% 7
\BOOKMARK [0][-]{section*.8}{\376\377\000D\000A\000F\000T\000A\000R\000\040\000I\000S\000I}{}% 8
\BOOKMARK [0][-]{section*.10}{\376\377\000D\000A\000F\000T\000A\000R\000\040\000T\000A\000B\000E\000L}{}% 9
\BOOKMARK [0][-]{section*.12}{\376\377\000D\000A\000F\000T\000A\000R\000\040\000G\000A\000M\000B\000A\000R}{}% 10
\BOOKMARK [0][-]{chapter*.14}{\376\377\000A\000B\000S\000T\000R\000A\000K}{}% 11
\BOOKMARK [0][-]{chapter*.15}{\376\377\000A\000B\000S\000T\000R\000A\000C\000T}{}% 12
\BOOKMARK [0][-]{chapter.1}{\376\377\000P\000E\000N\000D\000A\000H\000U\000L\000U\000A\000N}{}% 13
\BOOKMARK [1][-]{section.1.1}{\376\377\000L\000a\000t\000a\000r\000\040\000B\000e\000l\000a\000k\000a\000n\000g\000\040\000M\000a\000s\000a\000l\000a\000h}{chapter.1}% 14
\BOOKMARK [1][-]{section.1.2}{\376\377\000R\000u\000m\000u\000s\000a\000n\000\040\000M\000a\000s\000a\000l\000a\000h}{chapter.1}% 15
\BOOKMARK [1][-]{section.1.3}{\376\377\000T\000u\000j\000u\000a\000n\000\040\000P\000e\000n\000e\000l\000i\000t\000i\000a\000n}{chapter.1}% 16
\BOOKMARK [1][-]{section.1.4}{\376\377\000M\000a\000n\000f\000a\000a\000t\000\040\000P\000e\000n\000e\000l\000i\000t\000i\000a\000n}{chapter.1}% 17
\BOOKMARK [1][-]{section.1.5}{\376\377\000B\000a\000t\000a\000s\000a\000n\000\040\000M\000a\000s\000a\000l\000a\000h}{chapter.1}% 18
\BOOKMARK [1][-]{section.1.6}{\376\377\000S\000i\000s\000t\000e\000m\000a\000t\000i\000k\000a\000\040\000P\000e\000n\000u\000l\000i\000s\000a\000n}{chapter.1}% 19
\BOOKMARK [0][-]{chapter.2}{\376\377\000T\000I\000N\000J\000A\000U\000A\000N\000\040\000P\000U\000S\000T\000A\000K\000A}{}% 20
\BOOKMARK [1][-]{section.2.1}{\376\377\000K\000a\000n\000k\000e\000r}{chapter.2}% 21
\BOOKMARK [1][-]{section.2.2}{\376\377\000K\000a\000n\000k\000e\000r\000\040\000K\000u\000l\000i\000t}{chapter.2}% 22
\BOOKMARK [2][-]{subsection.2.2.1}{\376\377\000M\000e\000l\000a\000n\000o\000m\000a\000\040\000\050\000M\000E\000L\000\051}{section.2.2}% 23
\BOOKMARK [2][-]{subsection.2.2.2}{\376\377\000A\000c\000t\000i\000n\000i\000c\000\040\000K\000e\000r\000a\000t\000o\000s\000i\000s\000\040\000\050\000A\000K\000\051}{section.2.2}% 24
\BOOKMARK [2][-]{subsection.2.2.3}{\376\377\000M\000e\000l\000a\000n\000o\000c\000y\000t\000i\000c\000\040\000N\000e\000v\000u\000s\000\040\000\050\000N\000V\000\051}{section.2.2}% 25
\BOOKMARK [2][-]{subsection.2.2.4}{\376\377\000B\000a\000s\000a\000l\000\040\000C\000e\000l\000l\000\040\000C\000a\000r\000c\000i\000n\000o\000m\000a\000\040\000\050\000B\000C\000C\000\051}{section.2.2}% 26
\BOOKMARK [2][-]{subsection.2.2.5}{\376\377\000S\000q\000u\000a\000m\000o\000u\000s\000\040\000C\000e\000l\000l\000\040\000C\000a\000r\000c\000i\000n\000o\000m\000a\000\040\000\050\000S\000C\000C\000\051}{section.2.2}% 27
\BOOKMARK [2][-]{subsection.2.2.6}{\376\377\000D\000e\000r\000m\000a\000t\000o\000f\000i\000b\000r\000o\000m\000a\000\040\000\050\000D\000F\000\051}{section.2.2}% 28
\BOOKMARK [2][-]{subsection.2.2.7}{\376\377\000B\000e\000n\000i\000g\000n\000\040\000K\000e\000r\000a\000t\000o\000s\000i\000s\000\040\000L\000e\000s\000i\000o\000n\000\040\000\050\000B\000K\000L\000\051}{section.2.2}% 29
\BOOKMARK [2][-]{subsection.2.2.8}{\376\377\000V\000a\000s\000c\000u\000l\000a\000r\000\040\000L\000e\000s\000i\000o\000n\000\040\000\050\000V\000A\000S\000C\000\051}{section.2.2}% 30
\BOOKMARK [1][-]{section.2.3}{\376\377\000C\000i\000t\000r\000a\000\040\000D\000i\000g\000i\000t\000a\000l}{chapter.2}% 31
\BOOKMARK [2][-]{subsection.2.3.1}{\376\377\000C\000i\000t\000r\000a\000\040\000W\000a\000r\000n\000a}{section.2.3}% 32
\BOOKMARK [2][-]{subsection.2.3.2}{\376\377\000C\000i\000t\000r\000a\000\040\000S\000k\000a\000l\000a\000\040\000A\000b\000u\000-\000A\000b\000u}{section.2.3}% 33
\BOOKMARK [2][-]{subsection.2.3.3}{\376\377\000C\000i\000t\000r\000a\000\040\000B\000i\000n\000e\000r}{section.2.3}% 34
\BOOKMARK [2][-]{subsection.2.3.4}{\376\377\000C\000i\000t\000r\000a\000\040\000D\000e\000r\000m\000o\000s\000k\000o\000p\000i}{section.2.3}% 35
\BOOKMARK [1][-]{section.2.4}{\376\377\000R\000e\000s\000i\000z\000e}{chapter.2}% 36
\BOOKMARK [1][-]{section.2.5}{\376\377\000D\000e\000t\000e\000k\000s\000i\000\040\000O\000b\000j\000e\000k}{chapter.2}% 37
\BOOKMARK [1][-]{section.2.6}{\376\377\000C\000o\000n\000v\000o\000l\000u\000t\000i\000o\000n\000a\000l\000\040\000N\000e\000u\000r\000a\000l\000\040\000N\000e\000t\000w\000o\000r\000k\000s\000\040\000\050\000C\000N\000N\000\051}{chapter.2}% 38
\BOOKMARK [1][-]{section.2.7}{\376\377\000Y\000o\000u\000\040\000O\000n\000l\000y\000\040\000L\000o\000o\000k\000\040\000O\000n\000c\000e\000\040\000v\000e\000r\000s\000i\000o\000n\000\040\0007\000\040\000\050\000Y\000O\000L\000O\000-\000v\0007\000\051}{chapter.2}% 39
\BOOKMARK [2][-]{subsection.2.7.1}{\376\377\000C\000o\000n\000v\000o\000l\000u\000t\000i\000o\000n\000a\000l\000\040\000L\000a\000y\000e\000r}{section.2.7}% 40
\BOOKMARK [2][-]{subsection.2.7.2}{\376\377\000P\000o\000o\000l\000i\000n\000g\000\040\000L\000a\000y\000e\000r}{section.2.7}% 41
\BOOKMARK [2][-]{subsection.2.7.3}{\376\377\000B\000a\000t\000c\000h\000\040\000N\000o\000r\000m\000a\000l\000i\000z\000a\000t\000i\000o\000n\000\040\000\050\000B\000N\000\051}{section.2.7}% 42
\BOOKMARK [2][-]{subsection.2.7.4}{\376\377\000L\000e\000a\000k\000y\000\040\000R\000e\000c\000t\000i\000f\000i\000e\000d\000\040\000L\000i\000n\000e\000a\000r\000\040\000U\000n\000i\000t\000\040\000\050\000L\000e\000a\000k\000y\000\040\000R\000e\000L\000U\000\051}{section.2.7}% 43
\BOOKMARK [2][-]{subsection.2.7.5}{\376\377\000S\000i\000g\000m\000o\000i\000d\000-\000w\000e\000i\000g\000h\000t\000e\000d\000\040\000L\000i\000n\000e\000a\000r\000\040\000U\000n\000i\000t\000\040\000\050\000S\000i\000L\000U\000\051}{section.2.7}% 44
\BOOKMARK [2][-]{subsection.2.7.6}{\376\377\000E\000f\000f\000i\000c\000i\000e\000n\000t\000\040\000L\000a\000y\000e\000r\000\040\000A\000g\000g\000r\000e\000g\000a\000t\000i\000o\000n\000\040\000N\000e\000t\000w\000o\000r\000k\000s\000\040\000\050\000E\000L\000A\000N\000\051}{section.2.7}% 45
\BOOKMARK [2][-]{subsection.2.7.7}{\376\377\000U\000p\000s\000a\000m\000p\000l\000e\000\040\000L\000a\000y\000e\000r}{section.2.7}% 46
\BOOKMARK [1][-]{section.2.8}{\376\377\000C\000o\000n\000f\000u\000s\000i\000o\000n\000\040\000M\000a\000t\000r\000i\000x}{chapter.2}% 47
\BOOKMARK [1][-]{section.2.9}{\376\377\000I\000n\000t\000e\000r\000s\000e\000c\000t\000i\000o\000n\000\040\000o\000v\000e\000r\000\040\000U\000n\000i\000o\000n\000\040\000\050\000I\000o\000U\000\051}{chapter.2}% 48
\BOOKMARK [1][-]{section.2.10}{\376\377\000m\000e\000a\000n\000\040\000A\000v\000e\000r\000a\000g\000e\000\040\000P\000r\000e\000c\000i\000s\000i\000o\000n\000\040\000\050\000m\000A\000P\000\051}{chapter.2}% 49
\BOOKMARK [1][-]{section.2.11}{\376\377\000I\000n\000t\000e\000g\000r\000a\000s\000i\000\040\000K\000e\000i\000s\000l\000a\000m\000a\000n}{chapter.2}% 50
\BOOKMARK [2][-]{subsection.2.11.1}{\376\377\000H\000i\000k\000m\000a\000h\000\040\000O\000r\000a\000n\000g\000\040\000S\000a\000k\000i\000t}{section.2.11}% 51
\BOOKMARK [2][-]{subsection.2.11.2}{\376\377\000I\000k\000h\000t\000i\000a\000r\000\040\000O\000r\000a\000n\000g\000\040\000S\000a\000k\000i\000t}{section.2.11}% 52
\BOOKMARK [0][-]{chapter.3}{\376\377\000M\000E\000T\000O\000D\000E\000\040\000P\000E\000N\000E\000L\000I\000T\000I\000A\000N}{}% 53
\BOOKMARK [1][-]{section.3.1}{\376\377\000J\000e\000n\000i\000s\000\040\000P\000e\000n\000e\000l\000i\000t\000i\000a\000n}{chapter.3}% 54
\BOOKMARK [1][-]{section.3.2}{\376\377\000J\000e\000n\000i\000s\000\040\000d\000a\000n\000\040\000S\000u\000m\000b\000e\000r\000\040\000D\000a\000t\000a}{chapter.3}% 55
\BOOKMARK [1][-]{section.3.3}{\376\377\000K\000e\000r\000a\000n\000g\000k\000a\000\040\000P\000e\000n\000e\000l\000i\000t\000i\000a\000n}{chapter.3}% 56
\BOOKMARK [0][-]{chapter.4}{\376\377\000H\000A\000S\000I\000L\000\040\000D\000A\000N\000\040\000P\000E\000M\000B\000A\000H\000A\000S\000A\000N}{}% 57
\BOOKMARK [0][-]{chapter.5}{\376\377\000P\000E\000N\000U\000T\000U\000P}{}% 58
\BOOKMARK [0][-]{chapter.5}{\376\377\000D\000A\000F\000T\000A\000R\000\040\000P\000U\000S\000T\000A\000K\000A}{}% 59
